<?xml version="1.0" encoding="UTF-8"?>
<!-- Generated by org.testng.reporters.JUnitXMLReporter -->
<testsuite ignored="0" hostname="MSI" failures="0" tests="6" name="All Test Cases" time="0.124" errors="0" timestamp="2026-04-09T23:28:30 IST">
  <testcase classname="com.vendor.testcases.SimpleTest" name="testMessage" time="0.017"/>
  <testcase classname="com.vendor.testcases.SimpleTest" name="testPass" time="0.001"/>
  <testcase classname="com.vendor.testcases.LoginTest" name="testLoginFormElements" time="0.001"/>
  <testcase classname="com.vendor.testcases.LoginTest" name="testLoginPageLoad" time="0.0"/>
  <testcase classname="com.vendor.testcases.RegistrationTest" name="testRegistrationFormElements" time="0.001"/>
  <testcase classname="com.vendor.testcases.RegistrationTest" name="testRegistrationPageLoad" time="0.001"/>
</testsuite> <!-- All Test Cases -->
