<?xml version="1.0" encoding="UTF-8"?>
<!-- Generated by org.testng.reporters.JUnitReportReporter -->
<testsuite hostname="MSI" failures="0" tests="2" name="com.vendor.testcases.LoginTest" time="0.001" errors="0" timestamp="2026-04-09T23:28:30 IST" skipped="0">
  <testcase classname="com.vendor.testcases.LoginTest" name="testLoginPageLoad" time="0.000"/>
  <testcase classname="com.vendor.testcases.LoginTest" name="testLoginFormElements" time="0.001"/>
</testsuite> <!-- com.vendor.testcases.LoginTest -->
