<?xml version="1.0" encoding="UTF-8"?>
<!-- Generated by org.testng.reporters.JUnitReportReporter -->
<testsuite hostname="MSI" failures="0" tests="2" name="com.vendor.testcases.RegistrationTest" time="0.002" errors="0" timestamp="2026-04-09T23:28:30 IST" skipped="0">
  <testcase classname="com.vendor.testcases.RegistrationTest" name="testRegistrationPageLoad" time="0.001"/>
  <testcase classname="com.vendor.testcases.RegistrationTest" name="testRegistrationFormElements" time="0.001"/>
</testsuite> <!-- com.vendor.testcases.RegistrationTest -->
