<?xml version="1.0" encoding="UTF-8"?>
<testng-results ignored="0" total="6" passed="6" failed="0" skipped="0">
  <reporter-output>
  </reporter-output>
  <suite started-at="2026-04-09T23:28:30 IST" name="Smart Vendor Automation Suite" finished-at="2026-04-09T23:28:30 IST" duration-ms="124">
    <groups>
    </groups>
    <test started-at="2026-04-09T23:28:30 IST" name="All Test Cases" finished-at="2026-04-09T23:28:30 IST" duration-ms="124">
      <class name="com.vendor.testcases.LoginTest">
        <test-method signature="testLoginFormElements()[pri:0, instance:com.vendor.testcases.LoginTest@636be97c]" started-at="2026-04-09T23:28:30 IST" name="testLoginFormElements" finished-at="2026-04-09T23:28:30 IST" duration-ms="1" status="PASS">
          <reporter-output>
          </reporter-output>
        </test-method> <!-- testLoginFormElements -->
        <test-method signature="testLoginPageLoad()[pri:0, instance:com.vendor.testcases.LoginTest@636be97c]" started-at="2026-04-09T23:28:30 IST" name="testLoginPageLoad" finished-at="2026-04-09T23:28:30 IST" duration-ms="0" status="PASS">
          <reporter-output>
          </reporter-output>
        </test-method> <!-- testLoginPageLoad -->
      </class> <!-- com.vendor.testcases.LoginTest -->
      <class name="com.vendor.testcases.SimpleTest">
        <test-method signature="testMessage()[pri:0, instance:com.vendor.testcases.SimpleTest@21de60b4]" started-at="2026-04-09T23:28:30 IST" name="testMessage" finished-at="2026-04-09T23:28:30 IST" duration-ms="17" status="PASS">
          <reporter-output>
          </reporter-output>
        </test-method> <!-- testMessage -->
        <test-method signature="testPass()[pri:0, instance:com.vendor.testcases.SimpleTest@21de60b4]" started-at="2026-04-09T23:28:30 IST" name="testPass" finished-at="2026-04-09T23:28:30 IST" duration-ms="1" status="PASS">
          <reporter-output>
          </reporter-output>
        </test-method> <!-- testPass -->
      </class> <!-- com.vendor.testcases.SimpleTest -->
      <class name="com.vendor.testcases.RegistrationTest">
        <test-method signature="testRegistrationFormElements()[pri:0, instance:com.vendor.testcases.RegistrationTest@50a638b5]" started-at="2026-04-09T23:28:30 IST" name="testRegistrationFormElements" finished-at="2026-04-09T23:28:30 IST" duration-ms="1" status="PASS">
          <reporter-output>
          </reporter-output>
        </test-method> <!-- testRegistrationFormElements -->
        <test-method signature="testRegistrationPageLoad()[pri:0, instance:com.vendor.testcases.RegistrationTest@50a638b5]" started-at="2026-04-09T23:28:30 IST" name="testRegistrationPageLoad" finished-at="2026-04-09T23:28:30 IST" duration-ms="1" status="PASS">
          <reporter-output>
          </reporter-output>
        </test-method> <!-- testRegistrationPageLoad -->
      </class> <!-- com.vendor.testcases.RegistrationTest -->
    </test> <!-- All Test Cases -->
  </suite> <!-- Smart Vendor Automation Suite -->
</testng-results>
